<?xml version="1.0" encoding="UTF-8"?>
<!-- Generated by org.testng.reporters.JUnitReportReporter -->
<testsuite hostname="DESKTOP-S3RV3MH" failures="0" tests="2" name="practies_TestNG_methods.TestNG_2" time="0.010" errors="0" timestamp="2022-02-21T13:30:48 IST" skipped="0">
  <testcase classname="practies_TestNG_methods.TestNG_2" name="test_3" time="0.004"/>
  <system-out>
    <![CDATA[test_3 case executed]]>
  </system-out>
  <testcase classname="practies_TestNG_methods.TestNG_2" name="test_4" time="0.006"/>
  <system-out>
    <![CDATA[test_4 case executed]]>
  </system-out>
</testsuite> <!-- practies_TestNG_methods.TestNG_2 -->
