<?xml version="1.0" encoding="UTF-8"?>
<!-- Generated by org.testng.reporters.JUnitReportReporter -->
<testsuite hostname="DESKTOP-S3RV3MH" failures="0" tests="1" name="practies_TestNG_methods.DataProveder_Excel" time="0.000" errors="0" timestamp="2022-02-22T14:29:49 IST" skipped="1">
  <testcase classname="practies_TestNG_methods.DataProveder_Excel" name="read_excel_data" time="0.000">
    <skipped/>
  </testcase> <!-- read_excel_data -->
  <system-out/>
</testsuite> <!-- practies_TestNG_methods.DataProveder_Excel -->
