<?xml version="1.0" encoding="UTF-8"?>
<!-- Generated by org.testng.reporters.JUnitReportReporter -->
<testsuite hostname="DESKTOP-S3RV3MH" failures="0" tests="2" name="com.Vtiger.TC.TC003_CreateContact_Org" time="73.619" errors="0" timestamp="2022-02-28T18:06:47 IST" skipped="1">
  <testcase classname="com.Vtiger.TC.TC003_CreateContact_Org" name="Create_contact_org" time="73.619"/>
  <system-out/>
  <testcase classname="com.Vtiger.TC.TC003_CreateContact_Org" name="create_Contact_Test">
    <skipped/>
  </testcase> <!-- create_Contact_Test -->
  <system-out/>
</testsuite> <!-- com.Vtiger.TC.TC003_CreateContact_Org -->
