<?xml version="1.0" encoding="UTF-8"?>
<!-- Generated by org.testng.reporters.JUnitReportReporter -->
<testsuite hostname="DESKTOP-S3RV3MH" failures="0" tests="1" name="practies_read_data.SingleTon" time="0.015" errors="0" timestamp="2022-02-18T12:20:25 IST" skipped="0">
  <testcase classname="practies_read_data.SingleTon" name="sample" time="0.015"/>
  <system-out/>
</testsuite> <!-- practies_read_data.SingleTon -->
