<?xml version="1.0" encoding="UTF-8"?>
<!-- Generated by org.testng.reporters.JUnitReportReporter -->
<testsuite hostname="DESKTOP-S3RV3MH" failures="0" tests="4" name="practies_TestNG_methods.DataProviders" time="0.028" errors="0" timestamp="2022-02-22T12:50:38 IST" skipped="0">
  <testcase classname="practies_TestNG_methods.DataProviders" name="travel" time="0.007"/>
  <system-out/>
  <testcase classname="practies_TestNG_methods.DataProviders" name="travel" time="0.006"/>
  <system-out/>
  <testcase classname="practies_TestNG_methods.DataProviders" name="travel" time="0.012"/>
  <system-out/>
  <testcase classname="practies_TestNG_methods.DataProviders" name="travel" time="0.003"/>
  <system-out/>
</testsuite> <!-- practies_TestNG_methods.DataProviders -->
