<?xml version="1.0" encoding="UTF-8"?>
<!-- Generated by org.testng.reporters.JUnitReportReporter -->
<testsuite hostname="DESKTOP-S3RV3MH" failures="0" tests="2" name="practies_TestNG_methods.TestNG_1" time="0.029" errors="0" timestamp="2022-02-21T13:30:48 IST" skipped="0">
  <testcase classname="practies_TestNG_methods.TestNG_1" name="test_1" time="0.021"/>
  <system-out>
    <![CDATA[test_1 case executed
click on organization
Create the Organization]]>
  </system-out>
  <testcase classname="practies_TestNG_methods.TestNG_1" name="test_2" time="0.008"/>
  <system-out>
    <![CDATA[test_2 case executed]]>
  </system-out>
</testsuite> <!-- practies_TestNG_methods.TestNG_1 -->
