<?xml version="1.0" encoding="UTF-8"?>
<!-- Generated by org.testng.reporters.JUnitReportReporter -->
<testsuite hostname="DESKTOP-S3RV3MH" failures="0" tests="1" name="practies_TestNG_methods.MakeMyTripTest_Using_Dataproveder" time="62.720" errors="0" timestamp="2022-02-24T12:41:30 IST" skipped="0">
  <testcase classname="practies_TestNG_methods.MakeMyTripTest_Using_Dataproveder" name="makeMyTripTest_Using_Dataproveder" time="62.720"/>
  <system-out/>
</testsuite> <!-- practies_TestNG_methods.MakeMyTripTest_Using_Dataproveder -->
